This file contains any messages produced by compilers while
running configure, to aid debugging if configure makes a mistake.

It was created by diba configure 1.0.0, which was
generated by GNU Autoconf 2.69.  Invocation command line was

  $ ./configure 

## --------- ##
## Platform. ##
## --------- ##

hostname = localhost
uname -m = x86_64
uname -r = 3.8.11
uname -s = Linux
uname -v = #1 SMP Mon Jul 30 23:54:33 PDT 2018

/usr/bin/uname -p = unknown
/bin/uname -X     = unknown

/bin/arch              = unknown
/usr/bin/arch -k       = unknown
/usr/convex/getsysinfo = unknown
/usr/bin/hostinfo      = unknown
/bin/machine           = unknown
/usr/bin/oslevel       = unknown
/bin/universe          = unknown

PATH: /home/peterglen/bin
PATH: /home/peterglen/.local/bin
PATH: /usr/local/bin
PATH: /usr/bin
PATH: /bin
PATH: /usr/local/games
PATH: /usr/games


## ----------- ##
## Core tests. ##
## ----------- ##

configure:2307: checking for a BSD-compatible install
configure:2375: result: /usr/bin/install -c
configure:2386: checking whether build environment is sane
configure:2441: result: yes
configure:2592: checking for a thread-safe mkdir -p
configure:2631: result: /bin/mkdir -p
configure:2638: checking for gawk
configure:2654: found /usr/bin/gawk
configure:2665: result: gawk
configure:2676: checking whether make sets $(MAKE)
configure:2698: result: yes
configure:2727: checking whether make supports nested variables
configure:2744: result: yes
configure:3018: checking that generated files are newer than configure
configure:3024: result: done
configure:3032: creating ./config.status

## ---------------------- ##
## Running config.status. ##
## ---------------------- ##

This file was extended by diba config.status 1.0.0, which was
generated by GNU Autoconf 2.69.  Invocation command line was

  CONFIG_FILES    = 
  CONFIG_HEADERS  = 
  CONFIG_LINKS    = 
  CONFIG_COMMANDS = 
  $ ./config.status 

on localhost

config.status:768: creating Makefile
config.status:768: creating transport/Makefile
config.status:768: creating keygen/Makefile
config.status:768: creating tools/Makefile
configure:4064: checking for gawk
configure:4091: result: gawk
configure:4150: checking for gcc
configure:4166: found /usr/bin/gcc
configure:4177: result: gcc
configure:4406: checking for C compiler version
configure:4415: gcc --version >&5
gcc (Ubuntu 5.4.0-6ubuntu1~16.04.10) 5.4.0 20160609
Copyright (C) 2015 Free Software Foundation, Inc.
This is free software; see the source for copying conditions.  There is NO
warranty; not even for MERCHANTABILITY or FITNESS FOR A PARTICULAR PURPOSE.

configure:4426: $? = 0
configure:4415: gcc -v >&5
Using built-in specs.
COLLECT_GCC=gcc
COLLECT_LTO_WRAPPER=/usr/lib/gcc/x86_64-linux-gnu/5/lto-wrapper
Target: x86_64-linux-gnu
Configured with: ../src/configure -v --with-pkgversion='Ubuntu 5.4.0-6ubuntu1~16.04.10' --with-bugurl=file:///usr/share/doc/gcc-5/README.Bugs --enable-languages=c,ada,c++,java,go,d,fortran,objc,obj-c++ --prefix=/usr --program-suffix=-5 --enable-shared --enable-linker-build-id --libexecdir=/usr/lib --without-included-gettext --enable-threads=posix --libdir=/usr/lib --enable-nls --with-sysroot=/ --enable-clocale=gnu --enable-libstdcxx-debug --enable-libstdcxx-time=yes --with-default-libstdcxx-abi=new --enable-gnu-unique-object --disable-vtable-verify --enable-libmpx --enable-plugin --with-system-zlib --disable-browser-plugin --enable-java-awt=gtk --enable-gtk-cairo --with-java-home=/usr/lib/jvm/java-1.5.0-gcj-5-amd64/jre --enable-java-home --with-jvm-root-dir=/usr/lib/jvm/java-1.5.0-gcj-5-amd64 --with-jvm-jar-dir=/usr/lib/jvm-exports/java-1.5.0-gcj-5-amd64 --with-arch-directory=amd64 --with-ecj-jar=/usr/share/java/eclipse-ecj.jar --enable-objc-gc --enable-multiarch --disable-werror --with-arch-32=i686 --with-abi=m64 --with-multilib-list=m32,m64,mx32 --enable-multilib --with-tune=generic --enable-checking=release --build=x86_64-linux-gnu --host=x86_64-linux-gnu --target=x86_64-linux-gnu
Thread model: posix
gcc version 5.4.0 20160609 (Ubuntu 5.4.0-6ubuntu1~16.04.10) 
configure:4426: $? = 0
configure:4415: gcc -V >&5
gcc: error: unrecognized command line option '-V'
gcc: fatal error: no input files
compilation terminated.
configure:4426: $? = 1
configure:4415: gcc -qversion >&5
gcc: error: unrecognized command line option '-qversion'
gcc: fatal error: no input files
compilation terminated.
configure:4426: $? = 1
configure:4446: checking whether the C compiler works
configure:4468: gcc    conftest.c  >&5
configure:4472: $? = 0
configure:4520: result: yes
configure:4523: checking for C compiler default output file name
configure:4525: result: a.out
configure:4531: checking for suffix of executables
configure:4538: gcc -o conftest    conftest.c  >&5
configure:4542: $? = 0
configure:4564: result: 
configure:4586: checking whether we are cross compiling
configure:4594: gcc -o conftest    conftest.c  >&5
configure:4598: $? = 0
configure:4605: ./conftest
configure:4609: $? = 0
configure:4624: result: no
configure:4629: checking for suffix of object files
configure:4651: gcc -c   conftest.c >&5
configure:4655: $? = 0
configure:4676: result: o
configure:4680: checking whether we are using the GNU C compiler
configure:4699: gcc -c   conftest.c >&5
configure:4699: $? = 0
configure:4708: result: yes
configure:4717: checking whether gcc accepts -g
configure:4737: gcc -c -g  conftest.c >&5
configure:4737: $? = 0
configure:4778: result: yes
configure:4795: checking for gcc option to accept ISO C89
configure:4858: gcc  -c -g -O2  conftest.c >&5
configure:4858: $? = 0
configure:4871: result: none needed
configure:4896: checking whether gcc understands -c and -o together
configure:4918: gcc -c conftest.c -o conftest2.o
configure:4921: $? = 0
configure:4918: gcc -c conftest.c -o conftest2.o
configure:4921: $? = 0
configure:4933: result: yes
configure:4961: checking for style of include used by make
configure:4989: result: GNU
configure:5015: checking dependency style of gcc
configure:5126: result: gcc3
configure:5141: checking whether make sets $(MAKE)
configure:5163: result: yes
configure:5182: checking how to run the C preprocessor
configure:5213: gcc -E  conftest.c
configure:5213: $? = 0
configure:5227: gcc -E  conftest.c
conftest.c:11:28: fatal error: ac_nonexistent.h: No such file or directory
compilation terminated.
configure:5227: $? = 1
configure: failed program was:
| /* confdefs.h */
| #define PACKAGE_NAME "diba"
| #define PACKAGE_TARNAME "diba"
| #define PACKAGE_VERSION "1.0.0"
| #define PACKAGE_STRING "diba 1.0.0"
| #define PACKAGE_BUGREPORT "no-reports-yet"
| #define PACKAGE_URL ""
| #define PACKAGE "diba"
| #define VERSION "1.0.0"
| /* end confdefs.h.  */
| #include <ac_nonexistent.h>
configure:5252: result: gcc -E
configure:5272: gcc -E  conftest.c
configure:5272: $? = 0
configure:5286: gcc -E  conftest.c
conftest.c:11:28: fatal error: ac_nonexistent.h: No such file or directory
compilation terminated.
configure:5286: $? = 1
configure: failed program was:
| /* confdefs.h */
| #define PACKAGE_NAME "diba"
| #define PACKAGE_TARNAME "diba"
| #define PACKAGE_VERSION "1.0.0"
| #define PACKAGE_STRING "diba 1.0.0"
| #define PACKAGE_BUGREPORT "no-reports-yet"
| #define PACKAGE_URL ""
| #define PACKAGE "diba"
| #define VERSION "1.0.0"
| /* end confdefs.h.  */
| #include <ac_nonexistent.h>
configure:5315: checking for grep that handles long lines and -e
configure:5373: result: /bin/grep
configure:5378: checking for egrep
configure:5440: result: /bin/grep -E
configure:5445: checking for ANSI C header files
configure:5465: gcc -c -g -O2  conftest.c >&5
configure:5465: $? = 0
configure:5538: gcc -o conftest -g -O2   conftest.c  >&5
configure:5538: $? = 0
configure:5538: ./conftest
configure:5538: $? = 0
configure:5549: result: yes
configure:5562: checking for sys/types.h
configure:5562: gcc -c -g -O2  conftest.c >&5
configure:5562: $? = 0
configure:5562: result: yes
configure:5562: checking for sys/stat.h
configure:5562: gcc -c -g -O2  conftest.c >&5
configure:5562: $? = 0
configure:5562: result: yes
configure:5562: checking for stdlib.h
configure:5562: gcc -c -g -O2  conftest.c >&5
configure:5562: $? = 0
configure:5562: result: yes
configure:5562: checking for string.h
configure:5562: gcc -c -g -O2  conftest.c >&5
configure:5562: $? = 0
configure:5562: result: yes
configure:5562: checking for memory.h
configure:5562: gcc -c -g -O2  conftest.c >&5
configure:5562: $? = 0
configure:5562: result: yes
configure:5562: checking for strings.h
configure:5562: gcc -c -g -O2  conftest.c >&5
configure:5562: $? = 0
configure:5562: result: yes
configure:5562: checking for inttypes.h
configure:5562: gcc -c -g -O2  conftest.c >&5
configure:5562: $? = 0
configure:5562: result: yes
configure:5562: checking for stdint.h
configure:5562: gcc -c -g -O2  conftest.c >&5
configure:5562: $? = 0
configure:5562: result: yes
configure:5562: checking for unistd.h
configure:5562: gcc -c -g -O2  conftest.c >&5
configure:5562: $? = 0
configure:5562: result: yes
configure:5577: checking arpa/inet.h usability
configure:5577: gcc -c -g -O2  conftest.c >&5
configure:5577: $? = 0
configure:5577: result: yes
configure:5577: checking arpa/inet.h presence
configure:5577: gcc -E  conftest.c
configure:5577: $? = 0
configure:5577: result: yes
configure:5577: checking for arpa/inet.h
configure:5577: result: yes
configure:5577: checking fcntl.h usability
configure:5577: gcc -c -g -O2  conftest.c >&5
configure:5577: $? = 0
configure:5577: result: yes
configure:5577: checking fcntl.h presence
configure:5577: gcc -E  conftest.c
configure:5577: $? = 0
configure:5577: result: yes
configure:5577: checking for fcntl.h
configure:5577: result: yes
configure:5577: checking limits.h usability
configure:5577: gcc -c -g -O2  conftest.c >&5
configure:5577: $? = 0
configure:5577: result: yes
configure:5577: checking limits.h presence
configure:5577: gcc -E  conftest.c
configure:5577: $? = 0
configure:5577: result: yes
configure:5577: checking for limits.h
configure:5577: result: yes
configure:5577: checking locale.h usability
configure:5577: gcc -c -g -O2  conftest.c >&5
configure:5577: $? = 0
configure:5577: result: yes
configure:5577: checking locale.h presence
configure:5577: gcc -E  conftest.c
configure:5577: $? = 0
configure:5577: result: yes
configure:5577: checking for locale.h
configure:5577: result: yes
configure:5577: checking netdb.h usability
configure:5577: gcc -c -g -O2  conftest.c >&5
configure:5577: $? = 0
configure:5577: result: yes
configure:5577: checking netdb.h presence
configure:5577: gcc -E  conftest.c
configure:5577: $? = 0
configure:5577: result: yes
configure:5577: checking for netdb.h
configure:5577: result: yes
configure:5577: checking netinet/in.h usability
configure:5577: gcc -c -g -O2  conftest.c >&5
configure:5577: $? = 0
configure:5577: result: yes
configure:5577: checking netinet/in.h presence
configure:5577: gcc -E  conftest.c
configure:5577: $? = 0
configure:5577: result: yes
configure:5577: checking for netinet/in.h
configure:5577: result: yes
configure:5577: checking stddef.h usability
configure:5577: gcc -c -g -O2  conftest.c >&5
configure:5577: $? = 0
configure:5577: result: yes
configure:5577: checking stddef.h presence
configure:5577: gcc -E  conftest.c
configure:5577: $? = 0
configure:5577: result: yes
configure:5577: checking for stddef.h
configure:5577: result: yes
configure:5577: checking for stdint.h
configure:5577: result: yes
configure:5577: checking for stdlib.h
configure:5577: result: yes
configure:5577: checking for string.h
configure:5577: result: yes
configure:5577: checking sys/socket.h usability
configure:5577: gcc -c -g -O2  conftest.c >&5
configure:5577: $? = 0
configure:5577: result: yes
configure:5577: checking sys/socket.h presence
configure:5577: gcc -E  conftest.c
configure:5577: $? = 0
configure:5577: result: yes
configure:5577: checking for sys/socket.h
configure:5577: result: yes
configure:5577: checking termios.h usability
configure:5577: gcc -c -g -O2  conftest.c >&5
configure:5577: $? = 0
configure:5577: result: yes
configure:5577: checking termios.h presence
configure:5577: gcc -E  conftest.c
configure:5577: $? = 0
configure:5577: result: yes
configure:5577: checking for termios.h
configure:5577: result: yes
configure:5577: checking for unistd.h
configure:5577: result: yes
configure:5589: checking for pid_t
configure:5589: gcc -c -g -O2  conftest.c >&5
configure:5589: $? = 0
configure:5589: gcc -c -g -O2  conftest.c >&5
conftest.c: In function 'main':
conftest.c:70:20: error: expected expression before ')' token
 if (sizeof ((pid_t)))
                    ^
configure:5589: $? = 1
configure: failed program was:
| /* confdefs.h */
| #define PACKAGE_NAME "diba"
| #define PACKAGE_TARNAME "diba"
| #define PACKAGE_VERSION "1.0.0"
| #define PACKAGE_STRING "diba 1.0.0"
| #define PACKAGE_BUGREPORT "no-reports-yet"
| #define PACKAGE_URL ""
| #define PACKAGE "diba"
| #define VERSION "1.0.0"
| #define STDC_HEADERS 1
| #define HAVE_SYS_TYPES_H 1
| #define HAVE_SYS_STAT_H 1
| #define HAVE_STDLIB_H 1
| #define HAVE_STRING_H 1
| #define HAVE_MEMORY_H 1
| #define HAVE_STRINGS_H 1
| #define HAVE_INTTYPES_H 1
| #define HAVE_STDINT_H 1
| #define HAVE_UNISTD_H 1
| #define HAVE_ARPA_INET_H 1
| #define HAVE_FCNTL_H 1
| #define HAVE_LIMITS_H 1
| #define HAVE_LOCALE_H 1
| #define HAVE_NETDB_H 1
| #define HAVE_NETINET_IN_H 1
| #define HAVE_STDDEF_H 1
| #define HAVE_STDINT_H 1
| #define HAVE_STDLIB_H 1
| #define HAVE_STRING_H 1
| #define HAVE_SYS_SOCKET_H 1
| #define HAVE_TERMIOS_H 1
| #define HAVE_UNISTD_H 1
| /* end confdefs.h.  */
| #include <stdio.h>
| #ifdef HAVE_SYS_TYPES_H
| # include <sys/types.h>
| #endif
| #ifdef HAVE_SYS_STAT_H
| # include <sys/stat.h>
| #endif
| #ifdef STDC_HEADERS
| # include <stdlib.h>
| # include <stddef.h>
| #else
| # ifdef HAVE_STDLIB_H
| #  include <stdlib.h>
| # endif
| #endif
| #ifdef HAVE_STRING_H
| # if !defined STDC_HEADERS && defined HAVE_MEMORY_H
| #  include <memory.h>
| # endif
| # include <string.h>
| #endif
| #ifdef HAVE_STRINGS_H
| # include <strings.h>
| #endif
| #ifdef HAVE_INTTYPES_H
| # include <inttypes.h>
| #endif
| #ifdef HAVE_STDINT_H
| # include <stdint.h>
| #endif
| #ifdef HAVE_UNISTD_H
| # include <unistd.h>
| #endif
| int
| main ()
| {
| if (sizeof ((pid_t)))
| 	    return 0;
|   ;
|   return 0;
| }
configure:5589: result: yes
configure:5600: checking for size_t
configure:5600: gcc -c -g -O2  conftest.c >&5
configure:5600: $? = 0
configure:5600: gcc -c -g -O2  conftest.c >&5
conftest.c: In function 'main':
conftest.c:70:21: error: expected expression before ')' token
 if (sizeof ((size_t)))
                     ^
configure:5600: $? = 1
configure: failed program was:
| /* confdefs.h */
| #define PACKAGE_NAME "diba"
| #define PACKAGE_TARNAME "diba"
| #define PACKAGE_VERSION "1.0.0"
| #define PACKAGE_STRING "diba 1.0.0"
| #define PACKAGE_BUGREPORT "no-reports-yet"
| #define PACKAGE_URL ""
| #define PACKAGE "diba"
| #define VERSION "1.0.0"
| #define STDC_HEADERS 1
| #define HAVE_SYS_TYPES_H 1
| #define HAVE_SYS_STAT_H 1
| #define HAVE_STDLIB_H 1
| #define HAVE_STRING_H 1
| #define HAVE_MEMORY_H 1
| #define HAVE_STRINGS_H 1
| #define HAVE_INTTYPES_H 1
| #define HAVE_STDINT_H 1
| #define HAVE_UNISTD_H 1
| #define HAVE_ARPA_INET_H 1
| #define HAVE_FCNTL_H 1
| #define HAVE_LIMITS_H 1
| #define HAVE_LOCALE_H 1
| #define HAVE_NETDB_H 1
| #define HAVE_NETINET_IN_H 1
| #define HAVE_STDDEF_H 1
| #define HAVE_STDINT_H 1
| #define HAVE_STDLIB_H 1
| #define HAVE_STRING_H 1
| #define HAVE_SYS_SOCKET_H 1
| #define HAVE_TERMIOS_H 1
| #define HAVE_UNISTD_H 1
| /* end confdefs.h.  */
| #include <stdio.h>
| #ifdef HAVE_SYS_TYPES_H
| # include <sys/types.h>
| #endif
| #ifdef HAVE_SYS_STAT_H
| # include <sys/stat.h>
| #endif
| #ifdef STDC_HEADERS
| # include <stdlib.h>
| # include <stddef.h>
| #else
| # ifdef HAVE_STDLIB_H
| #  include <stdlib.h>
| # endif
| #endif
| #ifdef HAVE_STRING_H
| # if !defined STDC_HEADERS && defined HAVE_MEMORY_H
| #  include <memory.h>
| # endif
| # include <string.h>
| #endif
| #ifdef HAVE_STRINGS_H
| # include <strings.h>
| #endif
| #ifdef HAVE_INTTYPES_H
| # include <inttypes.h>
| #endif
| #ifdef HAVE_STDINT_H
| # include <stdint.h>
| #endif
| #ifdef HAVE_UNISTD_H
| # include <unistd.h>
| #endif
| int
| main ()
| {
| if (sizeof ((size_t)))
| 	    return 0;
|   ;
|   return 0;
| }
configure:5600: result: yes
configure:5611: checking for uint32_t
configure:5611: gcc -c -g -O2  conftest.c >&5
configure:5611: $? = 0
configure:5611: result: yes
configure:5629: checking vfork.h usability
configure:5629: gcc -c -g -O2  conftest.c >&5
conftest.c:67:19: fatal error: vfork.h: No such file or directory
compilation terminated.
configure:5629: $? = 1
configure: failed program was:
| /* confdefs.h */
| #define PACKAGE_NAME "diba"
| #define PACKAGE_TARNAME "diba"
| #define PACKAGE_VERSION "1.0.0"
| #define PACKAGE_STRING "diba 1.0.0"
| #define PACKAGE_BUGREPORT "no-reports-yet"
| #define PACKAGE_URL ""
| #define PACKAGE "diba"
| #define VERSION "1.0.0"
| #define STDC_HEADERS 1
| #define HAVE_SYS_TYPES_H 1
| #define HAVE_SYS_STAT_H 1
| #define HAVE_STDLIB_H 1
| #define HAVE_STRING_H 1
| #define HAVE_MEMORY_H 1
| #define HAVE_STRINGS_H 1
| #define HAVE_INTTYPES_H 1
| #define HAVE_STDINT_H 1
| #define HAVE_UNISTD_H 1
| #define HAVE_ARPA_INET_H 1
| #define HAVE_FCNTL_H 1
| #define HAVE_LIMITS_H 1
| #define HAVE_LOCALE_H 1
| #define HAVE_NETDB_H 1
| #define HAVE_NETINET_IN_H 1
| #define HAVE_STDDEF_H 1
| #define HAVE_STDINT_H 1
| #define HAVE_STDLIB_H 1
| #define HAVE_STRING_H 1
| #define HAVE_SYS_SOCKET_H 1
| #define HAVE_TERMIOS_H 1
| #define HAVE_UNISTD_H 1
| /* end confdefs.h.  */
| #include <stdio.h>
| #ifdef HAVE_SYS_TYPES_H
| # include <sys/types.h>
| #endif
| #ifdef HAVE_SYS_STAT_H
| # include <sys/stat.h>
| #endif
| #ifdef STDC_HEADERS
| # include <stdlib.h>
| # include <stddef.h>
| #else
| # ifdef HAVE_STDLIB_H
| #  include <stdlib.h>
| # endif
| #endif
| #ifdef HAVE_STRING_H
| # if !defined STDC_HEADERS && defined HAVE_MEMORY_H
| #  include <memory.h>
| # endif
| # include <string.h>
| #endif
| #ifdef HAVE_STRINGS_H
| # include <strings.h>
| #endif
| #ifdef HAVE_INTTYPES_H
| # include <inttypes.h>
| #endif
| #ifdef HAVE_STDINT_H
| # include <stdint.h>
| #endif
| #ifdef HAVE_UNISTD_H
| # include <unistd.h>
| #endif
| #include <vfork.h>
configure:5629: result: no
configure:5629: checking vfork.h presence
configure:5629: gcc -E  conftest.c
conftest.c:34:19: fatal error: vfork.h: No such file or directory
compilation terminated.
configure:5629: $? = 1
configure: failed program was:
| /* confdefs.h */
| #define PACKAGE_NAME "diba"
| #define PACKAGE_TARNAME "diba"
| #define PACKAGE_VERSION "1.0.0"
| #define PACKAGE_STRING "diba 1.0.0"
| #define PACKAGE_BUGREPORT "no-reports-yet"
| #define PACKAGE_URL ""
| #define PACKAGE "diba"
| #define VERSION "1.0.0"
| #define STDC_HEADERS 1
| #define HAVE_SYS_TYPES_H 1
| #define HAVE_SYS_STAT_H 1
| #define HAVE_STDLIB_H 1
| #define HAVE_STRING_H 1
| #define HAVE_MEMORY_H 1
| #define HAVE_STRINGS_H 1
| #define HAVE_INTTYPES_H 1
| #define HAVE_STDINT_H 1
| #define HAVE_UNISTD_H 1
| #define HAVE_ARPA_INET_H 1
| #define HAVE_FCNTL_H 1
| #define HAVE_LIMITS_H 1
| #define HAVE_LOCALE_H 1
| #define HAVE_NETDB_H 1
| #define HAVE_NETINET_IN_H 1
| #define HAVE_STDDEF_H 1
| #define HAVE_STDINT_H 1
| #define HAVE_STDLIB_H 1
| #define HAVE_STRING_H 1
| #define HAVE_SYS_SOCKET_H 1
| #define HAVE_TERMIOS_H 1
| #define HAVE_UNISTD_H 1
| /* end confdefs.h.  */
| #include <vfork.h>
configure:5629: result: no
configure:5629: checking for vfork.h
configure:5629: result: no
configure:5642: checking for fork
configure:5642: gcc -o conftest -g -O2   conftest.c  >&5
conftest.c:57:6: warning: conflicting types for built-in function 'fork'
 char fork ();
      ^
configure:5642: $? = 0
configure:5642: result: yes
configure:5642: checking for vfork
configure:5642: gcc -o conftest -g -O2   conftest.c  >&5
configure:5642: $? = 0
configure:5642: result: yes
configure:5652: checking for working fork
configure:5674: gcc -o conftest -g -O2   conftest.c  >&5
configure:5674: $? = 0
configure:5674: ./conftest
configure:5674: $? = 0
configure:5684: result: yes
configure:5705: checking for working vfork
configure:5815: result: yes
configure:5842: checking for stdlib.h
configure:5842: result: yes
configure:5852: checking for GNU libc compatible malloc
configure:5876: gcc -o conftest -g -O2   conftest.c  >&5
configure:5876: $? = 0
configure:5876: ./conftest
configure:5876: $? = 0
configure:5886: result: yes
configure:5910: checking for atexit
configure:5910: gcc -o conftest -g -O2   conftest.c  >&5
configure:5910: $? = 0
configure:5910: result: yes
configure:5910: checking for dup2
configure:5910: gcc -o conftest -g -O2   conftest.c  >&5
configure:5910: $? = 0
configure:5910: result: yes
configure:5910: checking for getcwd
configure:5910: gcc -o conftest -g -O2   conftest.c  >&5
configure:5910: $? = 0
configure:5910: result: yes
configure:5910: checking for gethostbyname
configure:5910: gcc -o conftest -g -O2   conftest.c  >&5
configure:5910: $? = 0
configure:5910: result: yes
configure:5910: checking for getpass
configure:5910: gcc -o conftest -g -O2   conftest.c  >&5
configure:5910: $? = 0
configure:5910: result: yes
configure:5910: checking for inet_ntoa
configure:5910: gcc -o conftest -g -O2   conftest.c  >&5
configure:5910: $? = 0
configure:5910: result: yes
configure:5910: checking for memset
configure:5910: gcc -o conftest -g -O2   conftest.c  >&5
conftest.c:69:6: warning: conflicting types for built-in function 'memset'
 char memset ();
      ^
configure:5910: $? = 0
configure:5910: result: yes
configure:5910: checking for mkdir
configure:5910: gcc -o conftest -g -O2   conftest.c  >&5
configure:5910: $? = 0
configure:5910: result: yes
configure:5910: checking for setlocale
configure:5910: gcc -o conftest -g -O2   conftest.c  >&5
configure:5910: $? = 0
configure:5910: result: yes
configure:5910: checking for socket
configure:5910: gcc -o conftest -g -O2   conftest.c  >&5
configure:5910: $? = 0
configure:5910: result: yes
configure:5910: checking for strchr
configure:5910: gcc -o conftest -g -O2   conftest.c  >&5
conftest.c:73:6: warning: conflicting types for built-in function 'strchr'
 char strchr ();
      ^
configure:5910: $? = 0
configure:5910: result: yes
configure:5910: checking for strdup
configure:5910: gcc -o conftest -g -O2   conftest.c  >&5
conftest.c:74:6: warning: conflicting types for built-in function 'strdup'
 char strdup ();
      ^
configure:5910: $? = 0
configure:5910: result: yes
configure:5910: checking for strerror
configure:5910: gcc -o conftest -g -O2   conftest.c  >&5
configure:5910: $? = 0
configure:5910: result: yes
configure:5910: checking for strpbrk
configure:5910: gcc -o conftest -g -O2   conftest.c  >&5
conftest.c:76:6: warning: conflicting types for built-in function 'strpbrk'
 char strpbrk ();
      ^
configure:5910: $? = 0
configure:5910: result: yes
configure:5910: checking for strrchr
configure:5910: gcc -o conftest -g -O2   conftest.c  >&5
conftest.c:77:6: warning: conflicting types for built-in function 'strrchr'
 char strrchr ();
      ^
configure:5910: $? = 0
configure:5910: result: yes
configure:5910: checking for strstr
configure:5910: gcc -o conftest -g -O2   conftest.c  >&5
conftest.c:78:6: warning: conflicting types for built-in function 'strstr'
 char strstr ();
      ^
configure:5910: $? = 0
configure:5910: result: yes
configure:5910: checking for strtol
configure:5910: gcc -o conftest -g -O2   conftest.c  >&5
configure:5910: $? = 0
configure:5910: result: yes
configure:6065: checking that generated files are newer than configure
configure:6071: result: done
configure:6094: creating ./config.status

## ---------------------- ##
## Running config.status. ##
## ---------------------- ##

This file was extended by diba config.status 1.0.0, which was
generated by GNU Autoconf 2.69.  Invocation command line was

  CONFIG_FILES    = 
  CONFIG_HEADERS  = 
  CONFIG_LINKS    = 
  CONFIG_COMMANDS = 
  $ ./config.status 

on localhost

config.status:784: creating Makefile
config.status:784: creating transport/Makefile
config.status:784: creating keygen/Makefile
config.status:784: creating tools/Makefile
config.status:956: executing depfiles commands

## ---------------- ##
## Cache variables. ##
## ---------------- ##

ac_cv_c_compiler_gnu=yes
ac_cv_c_uint32_t=yes
ac_cv_env_CC_set=
ac_cv_env_CC_value=
ac_cv_env_CFLAGS_set=
ac_cv_env_CFLAGS_value=
ac_cv_env_CPPFLAGS_set=
ac_cv_env_CPPFLAGS_value=
ac_cv_env_CPP_set=
ac_cv_env_CPP_value=
ac_cv_env_LDFLAGS_set=
ac_cv_env_LDFLAGS_value=
ac_cv_env_LIBS_set=
ac_cv_env_LIBS_value=
ac_cv_env_build_alias_set=
ac_cv_env_build_alias_value=
ac_cv_env_host_alias_set=
ac_cv_env_host_alias_value=
ac_cv_env_target_alias_set=
ac_cv_env_target_alias_value=
ac_cv_func_atexit=yes
ac_cv_func_dup2=yes
ac_cv_func_fork=yes
ac_cv_func_fork_works=yes
ac_cv_func_getcwd=yes
ac_cv_func_gethostbyname=yes
ac_cv_func_getpass=yes
ac_cv_func_inet_ntoa=yes
ac_cv_func_malloc_0_nonnull=yes
ac_cv_func_memset=yes
ac_cv_func_mkdir=yes
ac_cv_func_setlocale=yes
ac_cv_func_socket=yes
ac_cv_func_strchr=yes
ac_cv_func_strdup=yes
ac_cv_func_strerror=yes
ac_cv_func_strpbrk=yes
ac_cv_func_strrchr=yes
ac_cv_func_strstr=yes
ac_cv_func_strtol=yes
ac_cv_func_vfork=yes
ac_cv_func_vfork_works=yes
ac_cv_header_arpa_inet_h=yes
ac_cv_header_fcntl_h=yes
ac_cv_header_inttypes_h=yes
ac_cv_header_limits_h=yes
ac_cv_header_locale_h=yes
ac_cv_header_memory_h=yes
ac_cv_header_netdb_h=yes
ac_cv_header_netinet_in_h=yes
ac_cv_header_stdc=yes
ac_cv_header_stddef_h=yes
ac_cv_header_stdint_h=yes
ac_cv_header_stdlib_h=yes
ac_cv_header_string_h=yes
ac_cv_header_strings_h=yes
ac_cv_header_sys_socket_h=yes
ac_cv_header_sys_stat_h=yes
ac_cv_header_sys_types_h=yes
ac_cv_header_termios_h=yes
ac_cv_header_unistd_h=yes
ac_cv_header_vfork_h=no
ac_cv_objext=o
ac_cv_path_EGREP='/bin/grep -E'
ac_cv_path_GREP=/bin/grep
ac_cv_path_install='/usr/bin/install -c'
ac_cv_path_mkdir=/bin/mkdir
ac_cv_prog_AWK=gawk
ac_cv_prog_CPP='gcc -E'
ac_cv_prog_ac_ct_CC=gcc
ac_cv_prog_cc_c89=
ac_cv_prog_cc_g=yes
ac_cv_prog_make_make_set=yes
ac_cv_type_pid_t=yes
ac_cv_type_size_t=yes
am_cv_CC_dependencies_compiler_type=gcc3
am_cv_make_support_nested_variables=yes
am_cv_prog_cc_c_o=yes

## ----------------- ##
## Output variables. ##
## ----------------- ##

ACLOCAL='${SHELL} /home/peterglen/diba/missing aclocal-1.15'
AMDEPBACKSLASH='\'
AMDEP_FALSE='#'
AMDEP_TRUE=''
AMTAR='$${TAR-tar}'
AM_BACKSLASH='\'
AM_DEFAULT_V='$(AM_DEFAULT_VERBOSITY)'
AM_DEFAULT_VERBOSITY='1'
AM_V='$(V)'
AUTOCONF='${SHELL} /home/peterglen/diba/missing autoconf'
AUTOHEADER='${SHELL} /home/peterglen/diba/missing autoheader'
AUTOMAKE='${SHELL} /home/peterglen/diba/missing automake-1.15'
AWK='gawk'
CC='gcc'
CCDEPMODE='depmode=gcc3'
CFLAGS='-g -O2'
CPP='gcc -E'
CPPFLAGS=''
CYGPATH_W='echo'
DEFS='-DPACKAGE_NAME=\"diba\" -DPACKAGE_TARNAME=\"diba\" -DPACKAGE_VERSION=\"1.0.0\" -DPACKAGE_STRING=\"diba\ 1.0.0\" -DPACKAGE_BUGREPORT=\"no-reports-yet\" -DPACKAGE_URL=\"\" -DPACKAGE=\"diba\" -DVERSION=\"1.0.0\" -DSTDC_HEADERS=1 -DHAVE_SYS_TYPES_H=1 -DHAVE_SYS_STAT_H=1 -DHAVE_STDLIB_H=1 -DHAVE_STRING_H=1 -DHAVE_MEMORY_H=1 -DHAVE_STRINGS_H=1 -DHAVE_INTTYPES_H=1 -DHAVE_STDINT_H=1 -DHAVE_UNISTD_H=1 -DHAVE_ARPA_INET_H=1 -DHAVE_FCNTL_H=1 -DHAVE_LIMITS_H=1 -DHAVE_LOCALE_H=1 -DHAVE_NETDB_H=1 -DHAVE_NETINET_IN_H=1 -DHAVE_STDDEF_H=1 -DHAVE_STDINT_H=1 -DHAVE_STDLIB_H=1 -DHAVE_STRING_H=1 -DHAVE_SYS_SOCKET_H=1 -DHAVE_TERMIOS_H=1 -DHAVE_UNISTD_H=1 -DHAVE_FORK=1 -DHAVE_VFORK=1 -DHAVE_WORKING_VFORK=1 -DHAVE_WORKING_FORK=1 -DHAVE_STDLIB_H=1 -DHAVE_MALLOC=1 -DHAVE_ATEXIT=1 -DHAVE_DUP2=1 -DHAVE_GETCWD=1 -DHAVE_GETHOSTBYNAME=1 -DHAVE_GETPASS=1 -DHAVE_INET_NTOA=1 -DHAVE_MEMSET=1 -DHAVE_MKDIR=1 -DHAVE_SETLOCALE=1 -DHAVE_SOCKET=1 -DHAVE_STRCHR=1 -DHAVE_STRDUP=1 -DHAVE_STRERROR=1 -DHAVE_STRPBRK=1 -DHAVE_STRRCHR=1 -DHAVE_STRSTR=1 -DHAVE_STRTOL=1'
DEPDIR='.deps'
ECHO_C=''
ECHO_N='-n'
ECHO_T=''
EGREP='/bin/grep -E'
EXEEXT=''
GREP='/bin/grep'
INSTALL_DATA='${INSTALL} -m 644'
INSTALL_PROGRAM='${INSTALL}'
INSTALL_SCRIPT='${INSTALL}'
INSTALL_STRIP_PROGRAM='$(install_sh) -c -s'
LDFLAGS=''
LIBOBJS=''
LIBS=''
LTLIBOBJS=''
MAKEINFO='${SHELL} /home/peterglen/diba/missing makeinfo'
MKDIR_P='/bin/mkdir -p'
OBJEXT='o'
PACKAGE='diba'
PACKAGE_BUGREPORT='no-reports-yet'
PACKAGE_NAME='diba'
PACKAGE_STRING='diba 1.0.0'
PACKAGE_TARNAME='diba'
PACKAGE_URL=''
PACKAGE_VERSION='1.0.0'
PATH_SEPARATOR=':'
SET_MAKE=''
SHELL='/bin/bash'
STRIP=''
VERSION='1.0.0'
ac_ct_CC='gcc'
am__EXEEXT_FALSE=''
am__EXEEXT_TRUE='#'
am__fastdepCC_FALSE='#'
am__fastdepCC_TRUE=''
am__include='include'
am__isrc=''
am__leading_dot='.'
am__nodep='_no'
am__quote=''
am__tar='$${TAR-tar} chof - "$$tardir"'
am__untar='$${TAR-tar} xf -'
bindir='${exec_prefix}/bin'
build_alias=''
datadir='${datarootdir}'
datarootdir='${prefix}/share'
docdir='${datarootdir}/doc/${PACKAGE_TARNAME}'
dvidir='${docdir}'
exec_prefix='${prefix}'
host_alias=''
htmldir='${docdir}'
includedir='${prefix}/include'
infodir='${datarootdir}/info'
install_sh='${SHELL} /home/peterglen/diba/install-sh'
libdir='${exec_prefix}/lib'
libexecdir='${exec_prefix}/libexec'
localedir='${datarootdir}/locale'
localstatedir='${prefix}/var'
mandir='${datarootdir}/man'
mkdir_p='$(MKDIR_P)'
oldincludedir='/usr/include'
pdfdir='${docdir}'
prefix='/usr/local'
program_transform_name='s,x,x,'
psdir='${docdir}'
runstatedir='${localstatedir}/run'
sbindir='${exec_prefix}/sbin'
sharedstatedir='${prefix}/com'
sysconfdir='${prefix}/etc'
target_alias=''

## ----------- ##
## confdefs.h. ##
## ----------- ##

/* confdefs.h */
#define PACKAGE_NAME "diba"
#define PACKAGE_TARNAME "diba"
#define PACKAGE_VERSION "1.0.0"
#define PACKAGE_STRING "diba 1.0.0"
#define PACKAGE_BUGREPORT "no-reports-yet"
#define PACKAGE_URL ""
#define PACKAGE "diba"
#define VERSION "1.0.0"
#define STDC_HEADERS 1
#define HAVE_SYS_TYPES_H 1
#define HAVE_SYS_STAT_H 1
#define HAVE_STDLIB_H 1
#define HAVE_STRING_H 1
#define HAVE_MEMORY_H 1
#define HAVE_STRINGS_H 1
#define HAVE_INTTYPES_H 1
#define HAVE_STDINT_H 1
#define HAVE_UNISTD_H 1
#define HAVE_ARPA_INET_H 1
#define HAVE_FCNTL_H 1
#define HAVE_LIMITS_H 1
#define HAVE_LOCALE_H 1
#define HAVE_NETDB_H 1
#define HAVE_NETINET_IN_H 1
#define HAVE_STDDEF_H 1
#define HAVE_STDINT_H 1
#define HAVE_STDLIB_H 1
#define HAVE_STRING_H 1
#define HAVE_SYS_SOCKET_H 1
#define HAVE_TERMIOS_H 1
#define HAVE_UNISTD_H 1
#define HAVE_FORK 1
#define HAVE_VFORK 1
#define HAVE_WORKING_VFORK 1
#define HAVE_WORKING_FORK 1
#define HAVE_STDLIB_H 1
#define HAVE_MALLOC 1
#define HAVE_ATEXIT 1
#define HAVE_DUP2 1
#define HAVE_GETCWD 1
#define HAVE_GETHOSTBYNAME 1
#define HAVE_GETPASS 1
#define HAVE_INET_NTOA 1
#define HAVE_MEMSET 1
#define HAVE_MKDIR 1
#define HAVE_SETLOCALE 1
#define HAVE_SOCKET 1
#define HAVE_STRCHR 1
#define HAVE_STRDUP 1
#define HAVE_STRERROR 1
#define HAVE_STRPBRK 1
#define HAVE_STRRCHR 1
#define HAVE_STRSTR 1
#define HAVE_STRTOL 1

configure: exit 0

## ---------------------- ##
## Running config.status. ##
## ---------------------- ##

This file was extended by diba config.status 1.0.0, which was
generated by GNU Autoconf 2.69.  Invocation command line was

  CONFIG_FILES    = 
  CONFIG_HEADERS  = 
  CONFIG_LINKS    = 
  CONFIG_COMMANDS = 
  $ ./config.status keygen/Makefile depfiles

on localhost

config.status:784: creating keygen/Makefile
config.status:956: executing depfiles commands
