Diba Worker started.
 Processed 4 comline entries
Diba Worker started. 5192 2018/06/01 11:59:36
Diba Worker arguments: '-d' '10' '-l' '0' 
Parsing 'echo aM8PVKNkPkwWQBViEdtJ9SjfY6pXEXVwnkGQFlA='
scanning close
scanning check
scanning key
scanning session
scanning echo
Got echo cmd: 'echo aM8PVKNkPkwWQBViEdtJ9SjfY6pXEXVwnkGQFlA='
Parsing 'close'
scanning close
Got close cmd: 'close'
scanning check
scanning key
scanning session
scanning echo
Got empty buffer
Diba Worker [5192] exited at 2018/06/01 11:59:36

